Arguments: 
  /usr/local/bin/node /opt/yarn-v1.22.5/bin/yarn.js run docker-dev

PATH: 
  /usr/local/sbin:/usr/local/bin:/usr/sbin:/usr/bin:/sbin:/bin

Yarn version: 
  1.22.5

Node version: 
  14.15.4

Platform: 
  linux x64

Trace: 
  SyntaxError: /app/package.json: Unexpected token } in JSON at position 1900
      at JSON.parse (<anonymous>)
      at /opt/yarn-v1.22.5/lib/cli.js:1625:59
      at Generator.next (<anonymous>)
      at step (/opt/yarn-v1.22.5/lib/cli.js:310:30)
      at /opt/yarn-v1.22.5/lib/cli.js:321:13

npm manifest: 
  {
    "name": "express-gen-ts",
    "version": "0.0.0",
    "scripts": {
      "build": "ts-node build.ts",
      "lint": "eslint . --ext .ts",
      "start": "node -r module-alias/register ./dist --env=production",
      "start:dev": "dotenv -f ./.env nts-node-dev --transpile-only",
      "test": "nodemon --config ./spec/nodemon.json"
    },
    "nodemonConfig": {
      "watch": [
        "src"
      ],
      "ext": "ts, html",
      "ignore": [
        "src/public"
      ],
      "exec": "ts-node -r tsconfig-paths/register ./src"
    },
    "_moduleAliases": {
      "@daos": "dist/daos",
      "@entities": "dist/entities",
      "@shared": "dist/shared",
      "@server": "dist/Server"
    },
    "eslintConfig": {
      "parser": "@typescript-eslint/parser",
      "plugins": [
        "@typescript-eslint"
      ],
      "extends": [
        "eslint:recommended",
        "plugin:@typescript-eslint/recommended",
        "plugin:@typescript-eslint/recommended-requiring-type-checking"
      ],
      "parserOptions": {
        "project": "./tsconfig.json"
      },
      "rules": {
        "max-len": [
          "error",
          {
            "code": 100
          }
        ],
        "no-console": 1,
        "no-extra-boolean-cast": 0,
        "@typescript-eslint/restrict-plus-operands": 0,
        "@typescript-eslint/explicit-module-boundary-types": 0,
        "@typescript-eslint/no-explicit-any": 0,
        "@typescript-eslint/no-floating-promises": 0,
        "@typescript-eslint/no-unsafe-member-access": 0,
        "@typescript-eslint/no-unsafe-assignment": 0
      }
    },
    "eslintIgnore": [
      "src/public/",
      "build.ts"
    ],
    "dependencies": {
      "command-line-args": "^5.1.1",
      "cookie-parser": "^1.4.5",
      "dotenv": "^8.2.0",
      "express": "^4.17.1",
      "express-async-errors": "^3.1.1",
      "helmet": "^4.3.1",
      "http-status-codes": "^2.1.4",
      "jet-logger": "^1.0.4",
      "jsonfile": "^6.1.0",
      "module-alias": "^2.2.2",
      "morgan": "^1.10.0",
      
    },
    "devDependencies": {
      "@types/command-line-args": "^5.0.0",
      "@types/cookie-parser": "^1.4.2",
      "@types/express": "^4.17.11",
      "@types/find": "^0.2.1",
      "@types/fs-extra": "^9.0.6",
      "@types/jasmine": "^3.6.2",
      "@types/jsonfile": "^6.0.0",
      "@types/morgan": "^1.9.2",
      "@types/node": "^14.14.20",
      "@types/supertest": "^2.0.10",
      "@typescript-eslint/eslint-plugin": "^4.13.0",
      "@typescript-eslint/parser": "^4.13.0",
      "eslint": "^7.17.0",
      "find": "^0.3.0",
      "fs-extra": "^9.0.1",
      "jasmine": "^3.6.3",
      "nodemon": "^2.0.7",
      "supertest": "^6.0.1",
      "ts-node": "^9.1.1",
      "ts-node-dev": "^1.1.1",
      "tsconfig-paths": "^3.9.0",
      "typescript": "^4.1.3"
    }
  }

yarn manifest: 
  No manifest

Lockfile: 
  No lockfile
